[2024-04-21 04:03:16] debug Starting tunnel with `code-insiders c:\Users\REMMY\AppData\Local\Programs\Microsoft VS Code Insiders\bin\code-tunnel-insiders.exe --verbose --cli-data-dir C:\Users\REMMY\.vscode-insiders\cli tunnel service internal-run --log-to-file C:\Users\REMMY\.vscode-insiders\cli\tunnel-service.log`
[2024-04-21 04:03:16] debug starting as client to singleton
[2024-04-21 04:03:16] debug An existing tunnel is running on this machine, connecting to it...
[2024-04-21 04:03:16] debug Starting tunnel with `code-insiders c:\Users\REMMY\AppData\Local\Programs\Microsoft VS Code Insiders\bin\code-tunnel-insiders.exe tunnel --accept-server-license-terms --log info --name DESKTOP-I4AMSDV --parent-process-id 1332`
[2024-04-21 04:03:16] debug starting as new singleton
[2024-04-21 04:03:16] trace Found token in keyring
[2024-04-21 04:03:16] debug [reqwest::connect] starting new connection: https://api.github.com/
[2024-04-21 04:03:17] debug [reqwest::connect] starting new connection: https://uks1.rel.tunnels.api.visualstudio.com/
[2024-04-21 04:03:20] trace wsl not detected
[2024-04-21 04:03:20] debug Starting tunnel to server...
[2024-04-21 04:03:20] trace Found token in keyring
[2024-04-21 04:03:22] debug [tungstenite::handshake::client] Client handshake done.
[2024-04-21 04:03:22] debug [russh::ssh_read] read_ssh_id: reading
[2024-04-21 04:03:22] debug [russh::ssh_read] read 39
[2024-04-21 04:03:22] debug [russh::ssh_read] Ok("SSH-2.0-Microsoft.DevTunnels.Ssh_3.11\r\n")
[2024-04-21 04:03:22] debug [russh::client] writing 352 bytes
[2024-04-21 04:03:22] debug [russh::ssh_read] id 39 39
[2024-04-21 04:03:22] debug [russh::client::kex] extending []
[2024-04-21 04:03:22] debug [russh::client::kex] algo = Names { kex: Name("none"), key: Name("none"), cipher: Name("none"), client_mac: Name("none"), server_mac: Name("none"), server_compression: None, client_compression: None, ignore_guessed: false }
[2024-04-21 04:03:22] debug [russh::client::kex] write = []
[2024-04-21 04:03:22] debug [russh::client::kex] i0 = 342
[2024-04-21 04:03:22] debug [russh::client::kex] moving to kexdhdone, exchange = Exchange { client_id: CryptoVec { p: 0x2b9f1776b70, size: 20, capacity: 32 }, server_id: CryptoVec { p: 0x2b9f179ac20, size: 37, capacity: 64 }, client_kex_init: CryptoVec { p: 0x2b9f17a1620, size: 342, capacity: 512 }, server_kex_init: CryptoVec { p: 0x2b9f17922f0, size: 94, capacity: 128 }, client_ephemeral: CryptoVec { p: 0x1, size: 0, capacity: 0 }, server_ephemeral: CryptoVec { p: 0x1, size: 0, capacity: 0 } }
[2024-04-21 04:03:22] debug [tunnels::connections::relay_tunnel_host] established host relay primary session
[2024-04-21 04:03:22] debug Connected to tunnel endpoint: TunnelRelayTunnelEndpoint { base: TunnelEndpoint { id: "d2764df7-7c42-4669-bae7-e9f284f79843-relay", connection_mode: TunnelRelay, host_id: "d2764df7-7c42-4669-bae7-e9f284f79843", host_public_keys: [], port_uri_format: Some("https://73h4rbb0-{port}.uks1.devtunnels.ms/"), tunnel_uri: Some("https://73h4rbb0.uks1.devtunnels.ms/"), port_ssh_command_format: Some("ssh 73h4rbb0-{port}@ssh.uks1.devtunnels.ms"), tunnel_ssh_command: Some("ssh 73h4rbb0@ssh.uks1.devtunnels.ms"), ssh_gateway_public_key: None }, host_relay_uri: Some("wss://uks1-data.rel.tunnels.api.visualstudio.com/api/v1/Host/Connect/spiffy-horse-9b29bht"), client_relay_uri: Some("wss://uks1-data.rel.tunnels.api.visualstudio.com/api/v1/Client/Connect/spiffy-horse-9b29bht") }
[2024-04-21 04:03:22] debug Visual Studio Code Server is listening for incoming connections
[2024-04-21 04:03:22] info 
Open this link in your browser https://insiders.vscode.dev/tunnel/desktop-i4amsdv

[2024-04-21 04:03:22] trace Found token in keyring
[2024-04-21 04:03:22] trace Found token in keyring
[2024-04-21 04:03:22] debug [reqwest::connect] starting new connection: https://api.github.com/
[2024-04-21 04:03:59] debug starting as new singleton
[2024-04-21 04:03:59] trace Found token in keyring
[2024-04-21 04:03:59] debug [reqwest::connect] starting new connection: https://api.github.com/
[2024-04-21 04:03:59] info closing tunnel and all clients after a shutdown request
[2024-04-21 04:03:59] info closing tunnel and all clients after a shutdown request
[2024-04-21 04:04:00] debug [reqwest::connect] starting new connection: https://uks1.rel.tunnels.api.visualstudio.com/
[2024-04-21 04:04:01] trace wsl not detected
[2024-04-21 04:04:01] trace Found token in keyring
[2024-04-21 04:04:02] debug Starting tunnel to server...
[2024-04-21 04:04:02] trace Found token in keyring
[2024-04-21 04:04:04] debug [tungstenite::handshake::client] Client handshake done.
[2024-04-21 04:04:04] debug [russh::ssh_read] read_ssh_id: reading
[2024-04-21 04:04:04] debug [russh::ssh_read] read 39
[2024-04-21 04:04:04] debug [russh::ssh_read] Ok("SSH-2.0-Microsoft.DevTunnels.Ssh_3.11\r\n")
[2024-04-21 04:04:04] debug [russh::client] writing 352 bytes
[2024-04-21 04:04:04] debug [russh::ssh_read] id 39 39
[2024-04-21 04:04:04] debug [russh::client::kex] extending []
[2024-04-21 04:04:04] debug [russh::client::kex] algo = Names { kex: Name("none"), key: Name("none"), cipher: Name("none"), client_mac: Name("none"), server_mac: Name("none"), server_compression: None, client_compression: None, ignore_guessed: false }
[2024-04-21 04:04:04] debug [russh::client::kex] write = []
[2024-04-21 04:04:04] debug [russh::client::kex] i0 = 342
[2024-04-21 04:04:04] debug [russh::client::kex] moving to kexdhdone, exchange = Exchange { client_id: CryptoVec { p: 0x277abec57b0, size: 20, capacity: 32 }, server_id: CryptoVec { p: 0x277abeadcf0, size: 37, capacity: 64 }, client_kex_init: CryptoVec { p: 0x277abec9850, size: 342, capacity: 512 }, server_kex_init: CryptoVec { p: 0x277ad94dd60, size: 94, capacity: 128 }, client_ephemeral: CryptoVec { p: 0x1, size: 0, capacity: 0 }, server_ephemeral: CryptoVec { p: 0x1, size: 0, capacity: 0 } }
[2024-04-21 04:04:04] debug [tunnels::connections::relay_tunnel_host] established host relay primary session
[2024-04-21 04:04:04] trace Found token in keyring
[2024-04-21 04:04:04] debug Connected to tunnel endpoint: TunnelRelayTunnelEndpoint { base: TunnelEndpoint { id: "13cec3be-333b-4b98-980b-4d244dbbad90-relay", connection_mode: TunnelRelay, host_id: "13cec3be-333b-4b98-980b-4d244dbbad90", host_public_keys: [], port_uri_format: Some("https://73h4rbb0-{port}.uks1.devtunnels.ms/"), tunnel_uri: Some("https://73h4rbb0.uks1.devtunnels.ms/"), port_ssh_command_format: Some("ssh 73h4rbb0-{port}@ssh.uks1.devtunnels.ms"), tunnel_ssh_command: Some("ssh 73h4rbb0@ssh.uks1.devtunnels.ms"), ssh_gateway_public_key: None }, host_relay_uri: Some("wss://uks1-data.rel.tunnels.api.visualstudio.com/api/v1/Host/Connect/spiffy-horse-9b29bht"), client_relay_uri: Some("wss://uks1-data.rel.tunnels.api.visualstudio.com/api/v1/Client/Connect/spiffy-horse-9b29bht") }
[2024-04-21 04:04:04] debug Visual Studio Code Server is listening for incoming connections
[2024-04-21 04:04:04] trace Found token in keyring
[2024-04-21 04:04:04] debug [reqwest::connect] starting new connection: https://api.github.com/
[2024-04-21 04:05:04] debug [tunnels::connections::ws] sent liveness ping
[2024-04-21 04:05:05] debug [tunnels::connections::ws] received liveness pong
[2024-04-21 04:06:05] debug [tunnels::connections::ws] sent liveness ping
[2024-04-21 04:06:15] info [tunnels::connections::ws] websocket pong timed out, closing
[2024-04-21 04:06:15] debug [russh::client] drop session
[2024-04-21 04:06:15] debug [tunnels::connections::relay_tunnel_host] disconnected primary session after EOF
[2024-04-21 04:06:15] warn Tunnel exited unexpectedly but gracefully, reconnecting
[2024-04-21 04:06:20] debug [russh::client] drop handle
[2024-04-21 04:06:20] debug Starting tunnel to server...
[2024-04-21 04:06:20] trace Found token in keyring
[2024-04-21 04:06:20] debug [reqwest::connect] starting new connection: https://api.github.com/
[2024-04-21 04:06:21] debug [reqwest::connect] starting new connection: https://uks1.rel.tunnels.api.visualstudio.com/
[2024-04-21 04:06:22] trace Successfully refreshed access token
[2024-04-21 04:06:22] trace Found token in keyring
[2024-04-21 04:06:24] debug [tungstenite::handshake::client] Client handshake done.
[2024-04-21 04:06:24] debug [russh::ssh_read] read_ssh_id: reading
[2024-04-21 04:06:24] debug [russh::ssh_read] read 39
[2024-04-21 04:06:24] debug [russh::ssh_read] Ok("SSH-2.0-Microsoft.DevTunnels.Ssh_3.11\r\n")
[2024-04-21 04:06:24] debug [russh::client] writing 352 bytes
[2024-04-21 04:06:24] debug [russh::ssh_read] id 39 39
[2024-04-21 04:06:24] debug [russh::client::kex] extending []
[2024-04-21 04:06:24] debug [russh::client::kex] algo = Names { kex: Name("none"), key: Name("none"), cipher: Name("none"), client_mac: Name("none"), server_mac: Name("none"), server_compression: None, client_compression: None, ignore_guessed: false }
[2024-04-21 04:06:24] debug [russh::client::kex] write = []
[2024-04-21 04:06:24] debug [russh::client::kex] i0 = 342
[2024-04-21 04:06:24] debug [russh::client::kex] moving to kexdhdone, exchange = Exchange { client_id: CryptoVec { p: 0x277abec6890, size: 20, capacity: 32 }, server_id: CryptoVec { p: 0x277abe689c0, size: 37, capacity: 64 }, client_kex_init: CryptoVec { p: 0x277abec9220, size: 342, capacity: 512 }, server_kex_init: CryptoVec { p: 0x277ad9582d0, size: 94, capacity: 128 }, client_ephemeral: CryptoVec { p: 0x1, size: 0, capacity: 0 }, server_ephemeral: CryptoVec { p: 0x1, size: 0, capacity: 0 } }
[2024-04-21 04:06:24] debug [tunnels::connections::relay_tunnel_host] established host relay primary session
[2024-04-21 04:07:25] debug [tunnels::connections::ws] sent liveness ping
[2024-04-21 04:07:25] debug [tunnels::connections::ws] received liveness pong
[2024-04-21 04:08:24] debug [tunnels::connections::ws] received liveness pong
[2024-04-21 04:09:24] debug [tunnels::connections::ws] sent liveness ping
[2024-04-21 04:09:24] debug [tunnels::connections::ws] received liveness pong
[2024-04-21 04:10:24] debug [tunnels::connections::ws] received liveness pong
[2024-04-21 04:11:24] debug [tunnels::connections::ws] sent liveness ping
[2024-04-21 04:11:24] debug [tunnels::connections::ws] received liveness pong
[2024-04-21 04:12:24] debug [tunnels::connections::ws] received liveness pong
[2024-04-21 04:13:24] debug [tunnels::connections::ws] sent liveness ping
[2024-04-21 04:13:24] debug [tunnels::connections::ws] received liveness pong
[2024-04-21 04:14:24] debug [tunnels::connections::ws] sent liveness ping
[2024-04-21 04:14:34] info [tunnels::connections::ws] websocket pong timed out, closing
[2024-04-21 04:14:34] debug [russh::client] drop session
[2024-04-21 04:14:34] debug [tunnels::connections::relay_tunnel_host] disconnected primary session after EOF
[2024-04-21 04:14:34] warn Tunnel exited unexpectedly but gracefully, reconnecting
[2024-04-21 04:14:39] debug [russh::client] drop handle
[2024-04-21 04:14:39] debug Starting tunnel to server...
[2024-04-21 04:14:39] trace Found token in keyring
[2024-04-21 04:14:39] debug [reqwest::connect] starting new connection: https://api.github.com/
[2024-04-21 04:14:41] debug [reqwest::connect] starting new connection: https://uks1.rel.tunnels.api.visualstudio.com/
[2024-04-21 04:14:43] trace Successfully refreshed access token
[2024-04-21 04:14:43] trace Found token in keyring
[2024-04-21 04:14:51] debug [tungstenite::handshake::client] Client handshake done.
[2024-04-21 04:14:51] debug [russh::ssh_read] read_ssh_id: reading
[2024-04-21 04:14:51] debug [russh::ssh_read] read 39
[2024-04-21 04:14:51] debug [russh::ssh_read] Ok("SSH-2.0-Microsoft.DevTunnels.Ssh_3.11\r\n")
[2024-04-21 04:14:51] debug [russh::client] writing 352 bytes
[2024-04-21 04:14:51] debug [russh::ssh_read] id 39 39
[2024-04-21 04:14:52] debug [russh::client::kex] extending []
[2024-04-21 04:14:52] debug [russh::client::kex] algo = Names { kex: Name("none"), key: Name("none"), cipher: Name("none"), client_mac: Name("none"), server_mac: Name("none"), server_compression: None, client_compression: None, ignore_guessed: false }
[2024-04-21 04:14:52] debug [russh::client::kex] write = []
[2024-04-21 04:14:52] debug [russh::client::kex] i0 = 342
[2024-04-21 04:14:52] debug [russh::client::kex] moving to kexdhdone, exchange = Exchange { client_id: CryptoVec { p: 0x277abec6f50, size: 20, capacity: 32 }, server_id: CryptoVec { p: 0x277abeade30, size: 37, capacity: 64 }, client_kex_init: CryptoVec { p: 0x277abec8e00, size: 342, capacity: 512 }, server_kex_init: CryptoVec { p: 0x277ad9587e0, size: 94, capacity: 128 }, client_ephemeral: CryptoVec { p: 0x1, size: 0, capacity: 0 }, server_ephemeral: CryptoVec { p: 0x1, size: 0, capacity: 0 } }
[2024-04-21 04:14:52] debug [tunnels::connections::relay_tunnel_host] established host relay primary session
[2024-04-21 04:15:53] debug [tunnels::connections::ws] sent liveness ping
[2024-04-21 04:15:53] debug [tunnels::connections::ws] received liveness pong
[2024-04-21 04:16:51] debug [tunnels::connections::ws] received liveness pong
[2024-04-21 04:17:51] debug [tunnels::connections::ws] sent liveness ping
[2024-04-21 04:17:51] debug [tunnels::connections::ws] received liveness pong
[2024-04-21 04:18:51] debug [tunnels::connections::ws] sent liveness ping
[2024-04-21 04:18:58] debug [tunnels::connections::ws] received liveness pong
[2024-04-21 04:19:02] debug [tunnels::connections::ws] received liveness pong
[2024-04-21 04:20:02] debug [tunnels::connections::ws] sent liveness ping
[2024-04-21 04:20:02] debug [tunnels::connections::ws] received liveness pong
[2024-04-21 04:20:51] debug [tunnels::connections::ws] received liveness pong
[2024-04-21 04:21:51] debug [tunnels::connections::ws] sent liveness ping
[2024-04-21 04:21:52] debug [tunnels::connections::ws] received liveness pong
[2024-04-21 04:22:51] info [tunnels::connections::ws] error reading websocket: IO error: An existing connection was forcibly closed by the remote host. (os error 10054)
[2024-04-21 04:22:51] debug [russh::client] drop session
[2024-04-21 04:22:51] debug [tunnels::connections::relay_tunnel_host] disconnected primary session after EOF
[2024-04-21 04:22:51] warn Tunnel exited unexpectedly but gracefully, reconnecting
[2024-04-21 04:22:56] debug [russh::client] drop handle
[2024-04-21 04:22:56] debug Starting tunnel to server...
[2024-04-21 04:22:56] trace Found token in keyring
[2024-04-21 04:22:56] debug [reqwest::connect] starting new connection: https://api.github.com/
[2024-04-21 04:22:56] warn failed to check GitHub token: error sending request for url (https://api.github.com/user): error trying to connect: An existing connection was forcibly closed by the remote host. (os error 10054)
[2024-04-21 04:22:56] debug [reqwest::connect] starting new connection: https://uks1.rel.tunnels.api.visualstudio.com/
[2024-04-21 04:22:57] trace Successfully refreshed access token
[2024-04-21 04:22:57] warn Error refreshing access token, will retry: failed to lookup tunnel for host token: connection error: error sending request for url (https://uks1.rel.tunnels.api.visualstudio.com/tunnels/spiffy-horse-9b29bht?tokenScopes=host&api-version=2023-09-27-preview): error trying to connect: An existing connection was forcibly closed by the remote host. (os error 10054)
[2024-04-21 04:23:07] debug Starting tunnel to server...
[2024-04-21 04:23:07] trace Found token in keyring
[2024-04-21 04:23:07] debug [reqwest::connect] starting new connection: https://api.github.com/
[2024-04-21 04:23:07] warn failed to check GitHub token: error sending request for url (https://api.github.com/user): error trying to connect: An existing connection was forcibly closed by the remote host. (os error 10054)
[2024-04-21 04:23:07] debug [reqwest::connect] starting new connection: https://uks1.rel.tunnels.api.visualstudio.com/
[2024-04-21 04:23:08] trace Successfully refreshed access token
[2024-04-21 04:23:08] warn Error refreshing access token, will retry: failed to lookup tunnel for host token: connection error: error sending request for url (https://uks1.rel.tunnels.api.visualstudio.com/tunnels/spiffy-horse-9b29bht?tokenScopes=host&api-version=2023-09-27-preview): error trying to connect: An existing connection was forcibly closed by the remote host. (os error 10054)
[2024-04-21 04:23:23] debug Starting tunnel to server...
[2024-04-21 04:23:23] trace Found token in keyring
[2024-04-21 04:23:23] debug [reqwest::connect] starting new connection: https://api.github.com/
[2024-04-21 04:23:23] warn failed to check GitHub token: error sending request for url (https://api.github.com/user): error trying to connect: An existing connection was forcibly closed by the remote host. (os error 10054)
[2024-04-21 04:23:23] debug [reqwest::connect] starting new connection: https://uks1.rel.tunnels.api.visualstudio.com/
[2024-04-21 04:23:23] trace Successfully refreshed access token
[2024-04-21 04:23:23] warn Error refreshing access token, will retry: failed to lookup tunnel for host token: connection error: error sending request for url (https://uks1.rel.tunnels.api.visualstudio.com/tunnels/spiffy-horse-9b29bht?tokenScopes=host&api-version=2023-09-27-preview): error trying to connect: An existing connection was forcibly closed by the remote host. (os error 10054)
[2024-04-21 04:23:43] debug Starting tunnel to server...
[2024-04-21 04:23:43] trace Found token in keyring
[2024-04-21 04:23:43] debug [reqwest::connect] starting new connection: https://api.github.com/
[2024-04-21 04:23:43] warn failed to check GitHub token: error sending request for url (https://api.github.com/user): error trying to connect: An existing connection was forcibly closed by the remote host. (os error 10054)
[2024-04-21 04:23:43] debug [reqwest::connect] starting new connection: https://uks1.rel.tunnels.api.visualstudio.com/
[2024-04-21 04:23:44] trace Successfully refreshed access token
[2024-04-21 04:23:44] warn Error refreshing access token, will retry: failed to lookup tunnel for host token: connection error: error sending request for url (https://uks1.rel.tunnels.api.visualstudio.com/tunnels/spiffy-horse-9b29bht?tokenScopes=host&api-version=2023-09-27-preview): error trying to connect: An existing connection was forcibly closed by the remote host. (os error 10054)
[2024-04-21 04:24:09] debug Starting tunnel to server...
[2024-04-21 04:24:09] trace Found token in keyring
[2024-04-21 04:24:09] debug [reqwest::connect] starting new connection: https://api.github.com/
[2024-04-21 04:24:09] warn failed to check GitHub token: error sending request for url (https://api.github.com/user): error trying to connect: An existing connection was forcibly closed by the remote host. (os error 10054)
[2024-04-21 04:24:09] debug [reqwest::connect] starting new connection: https://uks1.rel.tunnels.api.visualstudio.com/
[2024-04-21 04:24:09] trace Successfully refreshed access token
[2024-04-21 04:24:09] warn Error refreshing access token, will retry: failed to lookup tunnel for host token: connection error: error sending request for url (https://uks1.rel.tunnels.api.visualstudio.com/tunnels/spiffy-horse-9b29bht?tokenScopes=host&api-version=2023-09-27-preview): error trying to connect: An existing connection was forcibly closed by the remote host. (os error 10054)
[2024-04-21 04:24:39] debug Starting tunnel to server...
[2024-04-21 04:24:39] trace Found token in keyring
[2024-04-21 04:24:39] debug [reqwest::connect] starting new connection: https://api.github.com/
[2024-04-21 04:24:40] warn failed to check GitHub token: error sending request for url (https://api.github.com/user): error trying to connect: An existing connection was forcibly closed by the remote host. (os error 10054)
[2024-04-21 04:24:40] debug [reqwest::connect] starting new connection: https://uks1.rel.tunnels.api.visualstudio.com/
[2024-04-21 04:24:40] trace Successfully refreshed access token
[2024-04-21 04:24:40] warn Error refreshing access token, will retry: failed to lookup tunnel for host token: connection error: error sending request for url (https://uks1.rel.tunnels.api.visualstudio.com/tunnels/spiffy-horse-9b29bht?tokenScopes=host&api-version=2023-09-27-preview): error trying to connect: An existing connection was forcibly closed by the remote host. (os error 10054)
[2024-04-21 04:25:15] debug Starting tunnel to server...
[2024-04-21 04:25:15] trace Found token in keyring
[2024-04-21 04:25:15] debug [reqwest::connect] starting new connection: https://api.github.com/
[2024-04-21 04:25:15] warn failed to check GitHub token: error sending request for url (https://api.github.com/user): error trying to connect: An existing connection was forcibly closed by the remote host. (os error 10054)
[2024-04-21 04:25:15] debug [reqwest::connect] starting new connection: https://uks1.rel.tunnels.api.visualstudio.com/
[2024-04-21 04:25:15] trace Successfully refreshed access token
[2024-04-21 04:25:15] warn Error refreshing access token, will retry: failed to lookup tunnel for host token: connection error: error sending request for url (https://uks1.rel.tunnels.api.visualstudio.com/tunnels/spiffy-horse-9b29bht?tokenScopes=host&api-version=2023-09-27-preview): error trying to connect: An existing connection was forcibly closed by the remote host. (os error 10054)
[2024-04-21 04:25:55] debug Starting tunnel to server...
[2024-04-21 04:25:55] trace Found token in keyring
[2024-04-21 04:25:55] debug [reqwest::connect] starting new connection: https://api.github.com/
[2024-04-21 04:25:56] debug [reqwest::connect] starting new connection: https://uks1.rel.tunnels.api.visualstudio.com/
[2024-04-21 04:25:58] trace Successfully refreshed access token
[2024-04-21 04:25:58] trace Found token in keyring
[2024-04-21 04:25:59] warn Error connecting to relay, will retry: error connecting to tunnel: websocket error: TLS error: native-tls error: An existing connection was forcibly closed by the remote host. (os error 10054)
[2024-04-21 04:26:44] debug Starting tunnel to server...
[2024-04-21 04:26:44] trace Found token in keyring
[2024-04-21 04:26:44] debug [reqwest::connect] starting new connection: https://api.github.com/
[2024-04-21 04:26:45] warn failed to check GitHub token: error sending request for url (https://api.github.com/user): error trying to connect: An existing connection was forcibly closed by the remote host. (os error 10054)
[2024-04-21 04:26:45] trace Successfully refreshed access token
[2024-04-21 04:26:45] warn Error refreshing access token, will retry: failed to lookup tunnel for host token: connection error: error sending request for url (https://uks1.rel.tunnels.api.visualstudio.com/tunnels/spiffy-horse-9b29bht?tokenScopes=host&api-version=2023-09-27-preview): connection error: An existing connection was forcibly closed by the remote host. (os error 10054)
[2024-04-21 04:27:35] debug Starting tunnel to server...
[2024-04-21 04:27:35] trace Found token in keyring
[2024-04-21 04:27:35] debug [reqwest::connect] starting new connection: https://api.github.com/
[2024-04-21 04:27:35] warn failed to check GitHub token: error sending request for url (https://api.github.com/user): error trying to connect: dns error: No such host is known. (os error 11001)
[2024-04-21 04:27:35] debug [reqwest::connect] starting new connection: https://uks1.rel.tunnels.api.visualstudio.com/
[2024-04-21 04:27:35] trace Successfully refreshed access token
[2024-04-21 04:27:35] warn Error refreshing access token, will retry: failed to lookup tunnel for host token: connection error: error sending request for url (https://uks1.rel.tunnels.api.visualstudio.com/tunnels/spiffy-horse-9b29bht?tokenScopes=host&api-version=2023-09-27-preview): error trying to connect: dns error: No such host is known. (os error 11001)
[2024-04-21 04:28:30] debug Starting tunnel to server...
[2024-04-21 04:28:30] trace Found token in keyring
[2024-04-21 04:28:30] debug [reqwest::connect] starting new connection: https://api.github.com/
[2024-04-21 04:28:30] warn failed to check GitHub token: error sending request for url (https://api.github.com/user): error trying to connect: dns error: No such host is known. (os error 11001)
[2024-04-21 04:28:30] debug [reqwest::connect] starting new connection: https://uks1.rel.tunnels.api.visualstudio.com/
[2024-04-21 04:28:30] trace Successfully refreshed access token
[2024-04-21 04:28:30] warn Error refreshing access token, will retry: failed to lookup tunnel for host token: connection error: error sending request for url (https://uks1.rel.tunnels.api.visualstudio.com/tunnels/spiffy-horse-9b29bht?tokenScopes=host&api-version=2023-09-27-preview): error trying to connect: dns error: No such host is known. (os error 11001)
[2024-04-21 04:29:30] debug Starting tunnel to server...
[2024-04-21 04:29:30] trace Found token in keyring
[2024-04-21 04:29:30] debug [reqwest::connect] starting new connection: https://api.github.com/
[2024-04-21 04:29:30] warn failed to check GitHub token: error sending request for url (https://api.github.com/user): error trying to connect: dns error: No such host is known. (os error 11001)
[2024-04-21 04:29:30] debug [reqwest::connect] starting new connection: https://uks1.rel.tunnels.api.visualstudio.com/
[2024-04-21 04:29:30] trace Successfully refreshed access token
[2024-04-21 04:29:30] warn Error refreshing access token, will retry: failed to lookup tunnel for host token: connection error: error sending request for url (https://uks1.rel.tunnels.api.visualstudio.com/tunnels/spiffy-horse-9b29bht?tokenScopes=host&api-version=2023-09-27-preview): error trying to connect: dns error: No such host is known. (os error 11001)
[2024-04-21 04:30:35] debug Starting tunnel to server...
[2024-04-21 04:30:35] trace Found token in keyring
[2024-04-21 04:30:35] debug [reqwest::connect] starting new connection: https://api.github.com/
[2024-04-21 04:30:35] warn failed to check GitHub token: error sending request for url (https://api.github.com/user): error trying to connect: dns error: No such host is known. (os error 11001)
[2024-04-21 04:30:35] debug [reqwest::connect] starting new connection: https://uks1.rel.tunnels.api.visualstudio.com/
[2024-04-21 04:30:35] trace Successfully refreshed access token
[2024-04-21 04:30:35] warn Error refreshing access token, will retry: failed to lookup tunnel for host token: connection error: error sending request for url (https://uks1.rel.tunnels.api.visualstudio.com/tunnels/spiffy-horse-9b29bht?tokenScopes=host&api-version=2023-09-27-preview): error trying to connect: dns error: No such host is known. (os error 11001)
[2024-04-21 04:31:45] debug Starting tunnel to server...
[2024-04-21 04:31:45] trace Found token in keyring
[2024-04-21 04:31:45] debug [reqwest::connect] starting new connection: https://api.github.com/
[2024-04-21 04:31:45] warn failed to check GitHub token: error sending request for url (https://api.github.com/user): error trying to connect: dns error: No such host is known. (os error 11001)
[2024-04-21 04:31:45] debug [reqwest::connect] starting new connection: https://uks1.rel.tunnels.api.visualstudio.com/
[2024-04-21 04:31:45] trace Successfully refreshed access token
[2024-04-21 04:31:45] warn Error refreshing access token, will retry: failed to lookup tunnel for host token: connection error: error sending request for url (https://uks1.rel.tunnels.api.visualstudio.com/tunnels/spiffy-horse-9b29bht?tokenScopes=host&api-version=2023-09-27-preview): error trying to connect: dns error: No such host is known. (os error 11001)
[2024-04-21 04:33:00] debug Starting tunnel to server...
[2024-04-21 04:33:00] trace Found token in keyring
[2024-04-21 04:33:00] debug [reqwest::connect] starting new connection: https://api.github.com/
[2024-04-21 04:33:00] warn failed to check GitHub token: error sending request for url (https://api.github.com/user): error trying to connect: dns error: No such host is known. (os error 11001)
[2024-04-21 04:33:00] debug [reqwest::connect] starting new connection: https://uks1.rel.tunnels.api.visualstudio.com/
[2024-04-21 04:33:00] trace Successfully refreshed access token
[2024-04-21 04:33:00] warn Error refreshing access token, will retry: failed to lookup tunnel for host token: connection error: error sending request for url (https://uks1.rel.tunnels.api.visualstudio.com/tunnels/spiffy-horse-9b29bht?tokenScopes=host&api-version=2023-09-27-preview): error trying to connect: dns error: No such host is known. (os error 11001)
[2024-04-21 04:34:20] debug Starting tunnel to server...
[2024-04-21 04:34:20] trace Found token in keyring
[2024-04-21 04:34:20] debug [reqwest::connect] starting new connection: https://api.github.com/
[2024-04-21 04:34:20] warn failed to check GitHub token: error sending request for url (https://api.github.com/user): error trying to connect: dns error: No such host is known. (os error 11001)
[2024-04-21 04:34:20] debug [reqwest::connect] starting new connection: https://uks1.rel.tunnels.api.visualstudio.com/
[2024-04-21 04:34:20] trace Successfully refreshed access token
[2024-04-21 04:34:20] warn Error refreshing access token, will retry: failed to lookup tunnel for host token: connection error: error sending request for url (https://uks1.rel.tunnels.api.visualstudio.com/tunnels/spiffy-horse-9b29bht?tokenScopes=host&api-version=2023-09-27-preview): error trying to connect: dns error: No such host is known. (os error 11001)
[2024-04-21 04:35:45] debug Starting tunnel to server...
[2024-04-21 04:35:45] trace Found token in keyring
[2024-04-21 04:35:45] debug [reqwest::connect] starting new connection: https://api.github.com/
[2024-04-21 04:35:45] warn failed to check GitHub token: error sending request for url (https://api.github.com/user): error trying to connect: dns error: No such host is known. (os error 11001)
[2024-04-21 04:35:45] debug [reqwest::connect] starting new connection: https://uks1.rel.tunnels.api.visualstudio.com/
[2024-04-21 04:35:45] trace Successfully refreshed access token
[2024-04-21 04:35:45] warn Error refreshing access token, will retry: failed to lookup tunnel for host token: connection error: error sending request for url (https://uks1.rel.tunnels.api.visualstudio.com/tunnels/spiffy-horse-9b29bht?tokenScopes=host&api-version=2023-09-27-preview): error trying to connect: dns error: No such host is known. (os error 11001)
[2024-04-21 04:37:15] debug Starting tunnel to server...
[2024-04-21 04:37:15] trace Found token in keyring
[2024-04-21 04:37:15] debug [reqwest::connect] starting new connection: https://api.github.com/
[2024-04-21 04:37:15] warn failed to check GitHub token: error sending request for url (https://api.github.com/user): error trying to connect: dns error: No such host is known. (os error 11001)
[2024-04-21 04:37:15] debug [reqwest::connect] starting new connection: https://uks1.rel.tunnels.api.visualstudio.com/
[2024-04-21 04:37:15] trace Successfully refreshed access token
[2024-04-21 04:37:15] warn Error refreshing access token, will retry: failed to lookup tunnel for host token: connection error: error sending request for url (https://uks1.rel.tunnels.api.visualstudio.com/tunnels/spiffy-horse-9b29bht?tokenScopes=host&api-version=2023-09-27-preview): error trying to connect: dns error: No such host is known. (os error 11001)
[2024-04-21 04:38:50] debug Starting tunnel to server...
[2024-04-21 04:38:50] trace Found token in keyring
[2024-04-21 04:38:50] debug [reqwest::connect] starting new connection: https://api.github.com/
[2024-04-21 04:38:51] debug [reqwest::connect] starting new connection: https://uks1.rel.tunnels.api.visualstudio.com/
[2024-04-21 04:38:52] trace Successfully refreshed access token
[2024-04-21 04:38:52] trace Found token in keyring
[2024-04-21 04:38:54] debug [tungstenite::handshake::client] Client handshake done.
[2024-04-21 04:38:54] debug [russh::ssh_read] read_ssh_id: reading
[2024-04-21 04:38:54] debug [russh::ssh_read] read 39
[2024-04-21 04:38:54] debug [russh::ssh_read] Ok("SSH-2.0-Microsoft.DevTunnels.Ssh_3.11\r\n")
[2024-04-21 04:38:54] debug [russh::client] writing 352 bytes
[2024-04-21 04:38:54] debug [russh::ssh_read] id 39 39
[2024-04-21 04:38:54] debug [russh::client::kex] extending []
[2024-04-21 04:38:54] debug [russh::client::kex] algo = Names { kex: Name("none"), key: Name("none"), cipher: Name("none"), client_mac: Name("none"), server_mac: Name("none"), server_compression: None, client_compression: None, ignore_guessed: false }
[2024-04-21 04:38:54] debug [russh::client::kex] write = []
[2024-04-21 04:38:54] debug [russh::client::kex] i0 = 342
[2024-04-21 04:38:54] debug [russh::client::kex] moving to kexdhdone, exchange = Exchange { client_id: CryptoVec { p: 0x277abec64d0, size: 20, capacity: 32 }, server_id: CryptoVec { p: 0x277abead4d0, size: 37, capacity: 64 }, client_kex_init: CryptoVec { p: 0x277abeca4b0, size: 342, capacity: 512 }, server_kex_init: CryptoVec { p: 0x277ad959200, size: 94, capacity: 128 }, client_ephemeral: CryptoVec { p: 0x1, size: 0, capacity: 0 }, server_ephemeral: CryptoVec { p: 0x1, size: 0, capacity: 0 } }
[2024-04-21 04:38:54] debug [tunnels::connections::relay_tunnel_host] established host relay primary session
[2024-04-21 04:39:55] debug [tunnels::connections::ws] sent liveness ping
[2024-04-21 04:39:55] debug [tunnels::connections::ws] received liveness pong
[2024-04-21 04:40:54] debug [tunnels::connections::ws] received liveness pong
[2024-04-21 04:41:54] debug [tunnels::connections::ws] sent liveness ping
[2024-04-21 04:41:55] debug [tunnels::connections::ws] received liveness pong
[2024-04-21 04:42:54] debug [tunnels::connections::ws] received liveness pong
[2024-04-21 04:43:54] debug [tunnels::connections::ws] sent liveness ping
[2024-04-21 04:43:55] debug [tunnels::connections::ws] received liveness pong
[2024-04-21 04:44:54] debug [tunnels::connections::ws] received liveness pong
[2024-04-21 04:45:54] debug [tunnels::connections::ws] sent liveness ping
[2024-04-21 04:45:55] debug [tunnels::connections::ws] received liveness pong
[2024-04-21 04:46:54] debug [tunnels::connections::ws] received liveness pong
[2024-04-21 04:47:54] debug [tunnels::connections::ws] sent liveness ping
[2024-04-21 04:47:55] debug [tunnels::connections::ws] received liveness pong
[2024-04-21 04:48:54] debug [tunnels::connections::ws] received liveness pong
[2024-04-21 04:49:54] debug [tunnels::connections::ws] sent liveness ping
[2024-04-21 04:49:55] debug [tunnels::connections::ws] received liveness pong
[2024-04-21 04:50:21] info closing tunnel and all clients after a shutdown request
[2024-04-21 04:50:21] info Shutting down: RPC client requested shutdown
[2024-04-21 04:50:21] trace Tunnel closing gracefully
[2024-04-21 04:50:21] trace Found token in keyring
[2024-04-21 04:50:21] debug [reqwest::connect] starting new connection: https://api.github.com/
[2024-04-21 04:50:22] debug [russh::client] disconnected
[2024-04-21 04:50:22] debug [russh::client] drop session
[2024-04-21 04:50:22] debug [tunnels::connections::relay_tunnel_host] disconnected primary session after EOF
[2024-04-21 04:50:22] debug [russh::client] drop handle
[2024-04-21 04:50:22] trace Tunnel closed with result: Ok(())
[2024-04-21 04:50:23] debug [reqwest::connect] starting new connection: https://uks1.rel.tunnels.api.visualstudio.com/
[2024-04-21 04:50:24] debug Tunnel shut down
